2017-12-03T18:38:45.114Z - info: [0mGET / [32m200 [0m54.279 ms - -[0m

2017-12-03T18:38:45.238Z - info: [0mGET /modules/chat/client/css/chat.css [36m304 [0m4.115 ms - -[0m

2017-12-03T18:38:45.245Z - info: [0mGET /modules/core/client/css/core.css [36m304 [0m2.754 ms - -[0m

2017-12-03T18:38:45.249Z - info: [0mGET /modules/users/client/css/users.css [36m304 [0m1.264 ms - -[0m

2017-12-03T18:38:45.287Z - info: [0mGET /modules/core/client/app/config.js [36m304 [0m1.116 ms - -[0m

2017-12-03T18:38:45.332Z - info: [0mGET /modules/core/client/app/init.js [36m304 [0m1.270 ms - -[0m

2017-12-03T18:38:45.341Z - info: [0mGET /modules/articles/client/articles.client.module.js [36m304 [0m1.311 ms - -[0m

2017-12-03T18:38:45.350Z - info: [0mGET /modules/chat/client/chat.client.module.js [36m304 [0m1.191 ms - -[0m

2017-12-03T18:38:45.353Z - info: [0mGET /modules/core/client/core.client.module.js [36m304 [0m1.028 ms - -[0m

2017-12-03T18:38:45.364Z - info: [0mGET /modules/users/client/users.client.module.js [36m304 [0m1.849 ms - -[0m

2017-12-03T18:38:45.369Z - info: [0mGET /modules/articles/client/config/articles-admin.client.config.js [36m304 [0m5.600 ms - -[0m

2017-12-03T18:38:45.370Z - info: [0mGET /modules/articles/client/config/articles-admin.client.routes.js [36m304 [0m2.889 ms - -[0m

2017-12-03T18:38:45.375Z - info: [0mGET /modules/articles/client/config/articles.client.menus.js [36m304 [0m1.996 ms - -[0m

2017-12-03T18:38:45.379Z - info: [0mGET /modules/articles/client/config/articles.client.routes.js [36m304 [0m1.080 ms - -[0m

2017-12-03T18:38:45.383Z - info: [0mGET /modules/articles/client/controllers/admin/article.client.controller.js [36m304 [0m1.920 ms - -[0m

2017-12-03T18:38:45.386Z - info: [0mGET /modules/articles/client/controllers/admin/list-articles.client.controller.js [36m304 [0m2.558 ms - -[0m

2017-12-03T18:38:45.388Z - info: [0mGET /modules/articles/client/controllers/articles.client.controller.js [36m304 [0m0.827 ms - -[0m

2017-12-03T18:38:45.391Z - info: [0mGET /modules/articles/client/controllers/list-articles.client.controller.js [36m304 [0m1.142 ms - -[0m

2017-12-03T18:38:45.394Z - info: [0mGET /modules/articles/client/services/articles.client.service.js [36m304 [0m0.951 ms - -[0m

2017-12-03T18:38:45.398Z - info: [0mGET /modules/chat/client/config/chat.client.menus.js [36m304 [0m0.930 ms - -[0m

2017-12-03T18:38:45.401Z - info: [0mGET /modules/chat/client/config/chat.client.routes.js [36m304 [0m1.135 ms - -[0m

2017-12-03T18:38:45.404Z - info: [0mGET /modules/chat/client/controllers/chat.client.controller.js [36m304 [0m1.372 ms - -[0m

2017-12-03T18:38:45.409Z - info: [0mGET /modules/core/client/config/core-admin.client.menus.js [36m304 [0m3.225 ms - -[0m

2017-12-03T18:38:45.412Z - info: [0mGET /modules/core/client/config/core-admin.client.routes.js [36m304 [0m2.607 ms - -[0m

2017-12-03T18:38:45.417Z - info: [0mGET /modules/core/client/config/core.client.menus.js [36m304 [0m2.778 ms - -[0m

2017-12-03T18:38:45.420Z - info: [0mGET /modules/core/client/config/core.client.route-filter.js [36m304 [0m3.387 ms - -[0m

2017-12-03T18:38:45.424Z - info: [0mGET /modules/core/client/config/core.client.routes.js [36m304 [0m2.388 ms - -[0m

2017-12-03T18:38:45.427Z - info: [0mGET /modules/core/client/controllers/error.client.controller.js [36m304 [0m3.370 ms - -[0m

2017-12-03T18:38:45.430Z - info: [0mGET /modules/core/client/controllers/header.client.controller.js [36m304 [0m1.017 ms - -[0m

2017-12-03T18:38:45.438Z - info: [0mGET /modules/core/client/directives/auto-focus.client.directive.js [36m304 [0m2.571 ms - -[0m

2017-12-03T18:38:45.441Z - info: [0mGET /modules/core/client/controllers/home.client.controller.js [32m200 [0m4.657 ms - -[0m

2017-12-03T18:38:45.445Z - info: [0mGET /modules/core/client/directives/page-title.client.directive.js [36m304 [0m1.660 ms - -[0m

2017-12-03T18:38:45.448Z - info: [0mGET /modules/core/client/directives/show-errors.client.directive.js [36m304 [0m2.159 ms - -[0m

2017-12-03T18:38:45.451Z - info: [0mGET /modules/core/client/services/interceptors/auth-interceptor.client.service.js [36m304 [0m1.067 ms - -[0m

2017-12-03T18:38:45.454Z - info: [0mGET /modules/core/client/services/menu.client.service.js [36m304 [0m1.320 ms - -[0m

2017-12-03T18:38:45.459Z - info: [0mGET /modules/core/client/services/socket.io.client.service.js [36m304 [0m1.050 ms - -[0m

2017-12-03T18:38:45.462Z - info: [0mGET /modules/users/client/config/users-admin.client.menus.js [36m304 [0m0.985 ms - -[0m

2017-12-03T18:38:45.466Z - info: [0mGET /modules/users/client/config/users-admin.client.routes.js [36m304 [0m1.685 ms - -[0m

2017-12-03T18:38:45.468Z - info: [0mGET /modules/users/client/config/users.client.routes.js [36m304 [0m3.001 ms - -[0m

2017-12-03T18:38:45.472Z - info: [0mGET /modules/users/client/controllers/admin/list-users.client.controller.js [36m304 [0m1.226 ms - -[0m

2017-12-03T18:38:45.476Z - info: [0mGET /modules/users/client/controllers/admin/user.client.controller.js [36m304 [0m1.625 ms - -[0m

2017-12-03T18:38:45.481Z - info: [0mGET /modules/users/client/controllers/authentication.client.controller.js [36m304 [0m2.920 ms - -[0m

2017-12-03T18:38:45.485Z - info: [0mGET /modules/users/client/controllers/password.client.controller.js [36m304 [0m2.520 ms - -[0m

2017-12-03T18:38:45.487Z - info: [0mGET /modules/users/client/controllers/settings/change-password.client.controller.js [36m304 [0m2.416 ms - -[0m

2017-12-03T18:38:45.492Z - info: [0mGET /modules/users/client/controllers/settings/change-profile-picture.client.controller.js [36m304 [0m2.760 ms - -[0m

2017-12-03T18:38:45.495Z - info: [0mGET /modules/users/client/controllers/settings/edit-profile.client.controller.js [36m304 [0m3.430 ms - -[0m

2017-12-03T18:38:45.500Z - info: [0mGET /modules/users/client/controllers/settings/manage-social-accounts.client.controller.js [36m304 [0m2.657 ms - -[0m

2017-12-03T18:38:45.502Z - info: [0mGET /modules/users/client/controllers/settings/settings.client.controller.js [36m304 [0m2.737 ms - -[0m

2017-12-03T18:38:45.510Z - info: [0mGET /modules/users/client/directives/password-validator.client.directive.js [36m304 [0m4.384 ms - -[0m

2017-12-03T18:38:45.512Z - info: [0mGET /modules/users/client/directives/password-verify.client.directive.js [36m304 [0m3.847 ms - -[0m

2017-12-03T18:38:45.514Z - info: [0mGET /modules/users/client/directives/users.client.directive.js [36m304 [0m4.495 ms - -[0m

2017-12-03T18:38:45.519Z - info: [0mGET /modules/users/client/services/authentication.client.service.js [36m304 [0m2.601 ms - -[0m

2017-12-03T18:38:45.521Z - info: [0mGET /modules/users/client/services/password-validator.client.service.js [36m304 [0m2.787 ms - -[0m

2017-12-03T18:38:45.524Z - info: [0mGET /modules/users/client/services/users.client.service.js [36m304 [0m4.111 ms - -[0m

2017-12-03T18:38:45.583Z - info: [0mGET / [36m304 [0m19.244 ms - -[0m

2017-12-03T18:38:45.729Z - info: [0mGET /modules/core/client/views/header.client.view.html [36m304 [0m1.150 ms - -[0m

2017-12-03T18:38:45.735Z - info: [0mGET /modules/core/client/views/home.client.view.html [32m200 [0m2.323 ms - -[0m

2017-12-03T18:38:45.899Z - info: [0mGET /modules/chat/client/css/chat.css [36m304 [0m2.588 ms - -[0m

2017-12-03T18:38:45.910Z - info: [0mGET /modules/core/client/css/core.css [36m304 [0m3.610 ms - -[0m

2017-12-03T18:38:45.914Z - info: [0mGET /modules/users/client/css/users.css [36m304 [0m5.969 ms - -[0m

2017-12-03T18:38:45.925Z - info: [0mGET /modules/core/client/app/config.js [36m304 [0m3.798 ms - -[0m

2017-12-03T18:38:45.930Z - info: [0mGET /modules/core/client/app/init.js [36m304 [0m1.352 ms - -[0m

2017-12-03T18:38:45.936Z - info: [0mGET /modules/articles/client/articles.client.module.js [36m304 [0m0.965 ms - -[0m

2017-12-03T18:38:45.946Z - info: [0mGET /modules/chat/client/chat.client.module.js [36m304 [0m1.099 ms - -[0m

2017-12-03T18:38:45.956Z - info: [0mGET /modules/core/client/core.client.module.js [36m304 [0m1.011 ms - -[0m

2017-12-03T18:38:45.966Z - info: [0mGET /modules/users/client/users.client.module.js [36m304 [0m1.677 ms - -[0m

2017-12-03T18:38:45.978Z - info: [0mGET /modules/articles/client/config/articles-admin.client.config.js [36m304 [0m1.025 ms - -[0m

2017-12-03T18:38:45.989Z - info: [0mGET /modules/articles/client/config/articles-admin.client.routes.js [36m304 [0m1.005 ms - -[0m

2017-12-03T18:38:45.999Z - info: [0mGET /modules/articles/client/config/articles.client.menus.js [36m304 [0m1.042 ms - -[0m

2017-12-03T18:38:46.015Z - info: [0mGET /modules/articles/client/config/articles.client.routes.js [36m304 [0m1.054 ms - -[0m

2017-12-03T18:38:46.024Z - info: [0mGET /modules/articles/client/controllers/admin/article.client.controller.js [36m304 [0m1.626 ms - -[0m

2017-12-03T18:38:46.033Z - info: [0mGET /modules/articles/client/controllers/admin/list-articles.client.controller.js [36m304 [0m0.998 ms - -[0m

2017-12-03T18:38:46.045Z - info: [0mGET /modules/articles/client/controllers/articles.client.controller.js [36m304 [0m0.987 ms - -[0m

2017-12-03T18:38:46.054Z - info: [0mGET /modules/articles/client/controllers/list-articles.client.controller.js [36m304 [0m1.569 ms - -[0m

2017-12-03T18:38:46.062Z - info: [0mGET /modules/articles/client/services/articles.client.service.js [36m304 [0m0.974 ms - -[0m

2017-12-03T18:38:46.089Z - info: [0mGET /modules/chat/client/config/chat.client.menus.js [36m304 [0m0.945 ms - -[0m

2017-12-03T18:38:46.107Z - info: [0mGET /modules/chat/client/config/chat.client.routes.js [36m304 [0m1.257 ms - -[0m

2017-12-03T18:38:46.122Z - info: [0mGET /modules/chat/client/controllers/chat.client.controller.js [36m304 [0m0.985 ms - -[0m

2017-12-03T18:38:46.130Z - info: [0mGET /modules/core/client/config/core-admin.client.menus.js [36m304 [0m1.168 ms - -[0m

2017-12-03T18:38:46.133Z - info: [0mGET /modules/core/client/config/core-admin.client.routes.js [36m304 [0m1.681 ms - -[0m

2017-12-03T18:38:46.144Z - info: [0mGET /modules/core/client/config/core.client.menus.js [36m304 [0m2.104 ms - -[0m

2017-12-03T18:38:46.147Z - info: [0mGET /modules/core/client/config/core.client.route-filter.js [36m304 [0m1.120 ms - -[0m

2017-12-03T18:38:46.151Z - info: [0mGET /modules/core/client/config/core.client.routes.js [36m304 [0m1.003 ms - -[0m

2017-12-03T18:38:46.163Z - info: [0mGET /modules/core/client/controllers/error.client.controller.js [36m304 [0m0.905 ms - -[0m

2017-12-03T18:38:46.167Z - info: [0mGET /modules/core/client/controllers/header.client.controller.js [36m304 [0m1.902 ms - -[0m

2017-12-03T18:38:46.172Z - info: [0mGET /modules/core/client/controllers/home.client.controller.js [36m304 [0m5.268 ms - -[0m

2017-12-03T18:38:46.177Z - info: [0mGET /modules/core/client/directives/auto-focus.client.directive.js [36m304 [0m7.254 ms - -[0m

2017-12-03T18:38:46.181Z - info: [0mGET /modules/core/client/directives/page-title.client.directive.js [36m304 [0m3.899 ms - -[0m

2017-12-03T18:38:46.183Z - info: [0mGET /modules/core/client/directives/show-errors.client.directive.js [36m304 [0m6.708 ms - -[0m

2017-12-03T18:38:46.186Z - info: [0mGET /modules/core/client/services/interceptors/auth-interceptor.client.service.js [36m304 [0m2.138 ms - -[0m

2017-12-03T18:38:46.190Z - info: [0mGET /modules/core/client/services/menu.client.service.js [36m304 [0m1.943 ms - -[0m

2017-12-03T18:38:46.192Z - info: [0mGET /modules/core/client/services/socket.io.client.service.js [36m304 [0m2.649 ms - -[0m

2017-12-03T18:38:46.197Z - info: [0mGET /modules/users/client/config/users-admin.client.menus.js [36m304 [0m1.167 ms - -[0m

2017-12-03T18:38:46.200Z - info: [0mGET /modules/users/client/config/users-admin.client.routes.js [36m304 [0m1.137 ms - -[0m

2017-12-03T18:38:46.203Z - info: [0mGET /modules/users/client/config/users.client.routes.js [36m304 [0m1.517 ms - -[0m

2017-12-03T18:38:46.207Z - info: [0mGET /modules/users/client/controllers/admin/list-users.client.controller.js [36m304 [0m2.759 ms - -[0m

2017-12-03T18:38:46.211Z - info: [0mGET /modules/users/client/controllers/admin/user.client.controller.js [36m304 [0m1.608 ms - -[0m

2017-12-03T18:38:46.212Z - info: [0mGET /modules/users/client/controllers/authentication.client.controller.js [36m304 [0m2.701 ms - -[0m

2017-12-03T18:38:46.217Z - info: [0mGET /modules/users/client/controllers/password.client.controller.js [36m304 [0m3.155 ms - -[0m

2017-12-03T18:38:46.219Z - info: [0mGET /modules/users/client/controllers/settings/change-password.client.controller.js [36m304 [0m4.336 ms - -[0m

2017-12-03T18:38:46.222Z - info: [0mGET /modules/users/client/controllers/settings/change-profile-picture.client.controller.js [36m304 [0m1.189 ms - -[0m

2017-12-03T18:38:46.225Z - info: [0mGET /modules/users/client/controllers/settings/edit-profile.client.controller.js [36m304 [0m0.863 ms - -[0m

2017-12-03T18:38:46.229Z - info: [0mGET /modules/users/client/controllers/settings/manage-social-accounts.client.controller.js [36m304 [0m1.810 ms - -[0m

2017-12-03T18:38:46.233Z - info: [0mGET /modules/users/client/controllers/settings/settings.client.controller.js [36m304 [0m4.193 ms - -[0m

2017-12-03T18:38:46.237Z - info: [0mGET /modules/users/client/directives/password-validator.client.directive.js [36m304 [0m3.581 ms - -[0m

2017-12-03T18:38:46.241Z - info: [0mGET /modules/users/client/directives/password-verify.client.directive.js [36m304 [0m5.602 ms - -[0m

2017-12-03T18:38:46.243Z - info: [0mGET /modules/users/client/directives/users.client.directive.js [36m304 [0m3.293 ms - -[0m

2017-12-03T18:38:46.245Z - info: [0mGET /modules/users/client/services/authentication.client.service.js [36m304 [0m4.534 ms - -[0m

2017-12-03T18:38:46.247Z - info: [0mGET /modules/users/client/services/password-validator.client.service.js [36m304 [0m1.156 ms - -[0m

2017-12-03T18:38:46.251Z - info: [0mGET /modules/users/client/services/users.client.service.js [36m304 [0m1.449 ms - -[0m

2017-12-03T18:38:46.319Z - info: [0mGET /modules/core/client/views/header.client.view.html [36m304 [0m1.551 ms - -[0m

2017-12-03T18:38:46.327Z - info: [0mGET /modules/core/client/views/home.client.view.html [36m304 [0m1.374 ms - -[0m

2017-12-03T18:38:47.240Z - info: [0mGET /modules/core/client/img/brand/favicon.ico [32m200 [0m1.424 ms - 32038[0m

2017-12-03T18:39:02.092Z - error: uncaughtException: res.json is not a function date=Sun Dec 03 2017 13:39:02 GMT-0500 (Eastern Standard Time), pid=8012, uid=null, gid=null, cwd=C:\Users\antth\Desktop\CS411\code, execPath=C:\Program Files\nodejs\node.exe, version=v8.5.0, argv=[C:\Program Files\nodejs\node.exe, C:\Users\antth\Desktop\CS411\code\server.js], rss=67796992, heapTotal=47042560, heapUsed=41606424, external=18059540, loadavg=[0, 0, 0], uptime=131714.5934174
TypeError: res.json is not a function
    at C:\Users\antth\Desktop\CS411\code\modules\core\server\routes\core.server.routes.js:94:23
    at handleCallback (C:\Users\antth\Desktop\CS411\code\node_modules\mongodb\lib\utils.js:120:56)
    at C:\Users\antth\Desktop\CS411\code\node_modules\mongodb\lib\collection.js:1417:5
    at handleCallback (C:\Users\antth\Desktop\CS411\code\node_modules\mongodb\lib\utils.js:120:56)
    at C:\Users\antth\Desktop\CS411\code\node_modules\mongodb\lib\cursor.js:682:5
    at handleCallback (C:\Users\antth\Desktop\CS411\code\node_modules\mongodb-core\lib\cursor.js:171:5)
    at setCursorNotified (C:\Users\antth\Desktop\CS411\code\node_modules\mongodb-core\lib\cursor.js:515:3)
    at C:\Users\antth\Desktop\CS411\code\node_modules\mongodb-core\lib\cursor.js:590:16
    at queryCallback (C:\Users\antth\Desktop\CS411\code\node_modules\mongodb-core\lib\cursor.js:232:18)
    at C:\Users\antth\Desktop\CS411\code\node_modules\mongodb-core\lib\connection\pool.js:469:18
    at _combinedTickCallback (internal/process/next_tick.js:131:7)
    at process._tickDomainCallback (internal/process/next_tick.js:218:9)
2017-12-03T18:39:03.132Z - error: uncaughtException: res.json is not a function date=Sun Dec 03 2017 13:39:03 GMT-0500 (Eastern Standard Time), pid=8012, uid=null, gid=null, cwd=C:\Users\antth\Desktop\CS411\code, execPath=C:\Program Files\nodejs\node.exe, version=v8.5.0, argv=[C:\Program Files\nodejs\node.exe, C:\Users\antth\Desktop\CS411\code\server.js], rss=68116480, heapTotal=47042560, heapUsed=42016432, external=18061638, loadavg=[0, 0, 0], uptime=131715.6383836
TypeError: res.json is not a function
    at C:\Users\antth\Desktop\CS411\code\modules\core\server\routes\core.server.routes.js:94:23
    at handleCallback (C:\Users\antth\Desktop\CS411\code\node_modules\mongodb\lib\utils.js:120:56)
    at C:\Users\antth\Desktop\CS411\code\node_modules\mongodb\lib\collection.js:1417:5
    at handleCallback (C:\Users\antth\Desktop\CS411\code\node_modules\mongodb\lib\utils.js:120:56)
    at C:\Users\antth\Desktop\CS411\code\node_modules\mongodb\lib\cursor.js:682:5
    at handleCallback (C:\Users\antth\Desktop\CS411\code\node_modules\mongodb-core\lib\cursor.js:171:5)
    at setCursorNotified (C:\Users\antth\Desktop\CS411\code\node_modules\mongodb-core\lib\cursor.js:515:3)
    at C:\Users\antth\Desktop\CS411\code\node_modules\mongodb-core\lib\cursor.js:590:16
    at queryCallback (C:\Users\antth\Desktop\CS411\code\node_modules\mongodb-core\lib\cursor.js:232:18)
    at C:\Users\antth\Desktop\CS411\code\node_modules\mongodb-core\lib\connection\pool.js:469:18
    at _combinedTickCallback (internal/process/next_tick.js:131:7)
    at process._tickDomainCallback (internal/process/next_tick.js:218:9)
2017-12-03T18:39:29.181Z - info: [0mGET / [36m304 [0m46.866 ms - -[0m

2017-12-03T18:39:29.217Z - info: [0mPOST /vote [0m- [0m- ms - -[0m

2017-12-03T18:39:29.224Z - info: [0mPOST /vote [0m- [0m- ms - -[0m

2017-12-03T18:39:29.399Z - info: [0mGET /modules/chat/client/css/chat.css [36m304 [0m0.996 ms - -[0m

2017-12-03T18:39:29.419Z - info: [0mGET /modules/core/client/css/core.css [36m304 [0m0.934 ms - -[0m

2017-12-03T18:39:29.495Z - info: [0mGET /modules/users/client/css/users.css [36m304 [0m0.876 ms - -[0m

2017-12-03T18:39:29.507Z - info: [0mGET /modules/core/client/app/config.js [36m304 [0m0.820 ms - -[0m

2017-12-03T18:39:29.514Z - info: [0mGET /modules/core/client/app/init.js [36m304 [0m0.962 ms - -[0m

2017-12-03T18:39:29.520Z - info: [0mGET /modules/articles/client/articles.client.module.js [36m304 [0m0.838 ms - -[0m

2017-12-03T18:39:29.524Z - info: [0mGET /modules/chat/client/chat.client.module.js [36m304 [0m0.794 ms - -[0m

2017-12-03T18:39:29.529Z - info: [0mGET /modules/core/client/core.client.module.js [36m304 [0m0.843 ms - -[0m

2017-12-03T18:39:29.534Z - info: [0mGET /modules/users/client/users.client.module.js [36m304 [0m0.925 ms - -[0m

2017-12-03T18:39:29.539Z - info: [0mGET /modules/articles/client/config/articles-admin.client.config.js [36m304 [0m0.864 ms - -[0m

2017-12-03T18:39:29.543Z - info: [0mGET /modules/articles/client/config/articles-admin.client.routes.js [36m304 [0m1.147 ms - -[0m

2017-12-03T18:39:29.550Z - info: [0mGET /modules/articles/client/config/articles.client.menus.js [36m304 [0m0.662 ms - -[0m

2017-12-03T18:39:29.555Z - info: [0mGET /modules/articles/client/config/articles.client.routes.js [36m304 [0m0.956 ms - -[0m

2017-12-03T18:39:29.561Z - info: [0mGET /modules/articles/client/controllers/admin/article.client.controller.js [36m304 [0m1.654 ms - -[0m

2017-12-03T18:39:29.568Z - info: [0mGET /modules/articles/client/controllers/admin/list-articles.client.controller.js [36m304 [0m0.883 ms - -[0m

2017-12-03T18:39:29.574Z - info: [0mGET /modules/articles/client/controllers/articles.client.controller.js [36m304 [0m1.140 ms - -[0m

2017-12-03T18:39:29.583Z - info: [0mGET /modules/articles/client/controllers/list-articles.client.controller.js [36m304 [0m1.728 ms - -[0m

2017-12-03T18:39:29.589Z - info: [0mGET /modules/articles/client/services/articles.client.service.js [36m304 [0m0.883 ms - -[0m

2017-12-03T18:39:29.593Z - info: [0mGET /modules/chat/client/config/chat.client.menus.js [36m304 [0m0.847 ms - -[0m

2017-12-03T18:39:29.598Z - info: [0mGET /modules/chat/client/config/chat.client.routes.js [36m304 [0m0.803 ms - -[0m

2017-12-03T18:39:29.602Z - info: [0mGET /modules/chat/client/controllers/chat.client.controller.js [36m304 [0m0.955 ms - -[0m

2017-12-03T18:39:29.605Z - info: [0mGET /modules/core/client/config/core-admin.client.menus.js [36m304 [0m0.626 ms - -[0m

2017-12-03T18:39:29.609Z - info: [0mGET /modules/core/client/config/core-admin.client.routes.js [36m304 [0m0.717 ms - -[0m

2017-12-03T18:39:29.615Z - info: [0mGET /modules/core/client/config/core.client.menus.js [36m304 [0m0.641 ms - -[0m

2017-12-03T18:39:29.618Z - info: [0mGET /modules/core/client/config/core.client.route-filter.js [36m304 [0m0.621 ms - -[0m

2017-12-03T18:39:29.627Z - info: [0mGET /modules/core/client/config/core.client.routes.js [36m304 [0m4.835 ms - -[0m

2017-12-03T18:39:29.629Z - info: [0mGET /modules/core/client/controllers/error.client.controller.js [36m304 [0m7.748 ms - -[0m

2017-12-03T18:39:29.632Z - info: [0mGET /modules/core/client/controllers/header.client.controller.js [36m304 [0m8.936 ms - -[0m

2017-12-03T18:39:29.640Z - info: [0mGET /modules/core/client/controllers/home.client.controller.js [36m304 [0m11.138 ms - -[0m

2017-12-03T18:39:29.645Z - info: [0mGET /modules/core/client/directives/auto-focus.client.directive.js [36m304 [0m17.810 ms - -[0m

2017-12-03T18:39:29.648Z - info: [0mGET /modules/core/client/directives/page-title.client.directive.js [36m304 [0m21.945 ms - -[0m

2017-12-03T18:39:29.656Z - info: [0mGET /modules/core/client/directives/show-errors.client.directive.js [36m304 [0m13.854 ms - -[0m

2017-12-03T18:39:29.662Z - info: [0mGET /modules/core/client/services/interceptors/auth-interceptor.client.service.js [36m304 [0m9.272 ms - -[0m

2017-12-03T18:39:29.666Z - info: [0mGET /modules/core/client/services/menu.client.service.js [36m304 [0m11.920 ms - -[0m

2017-12-03T18:39:29.670Z - info: [0mGET /modules/core/client/services/socket.io.client.service.js [36m304 [0m16.739 ms - -[0m

2017-12-03T18:39:29.678Z - info: [0mGET /modules/users/client/config/users-admin.client.menus.js [36m304 [0m18.044 ms - -[0m

2017-12-03T18:39:29.683Z - info: [0mGET /modules/users/client/config/users-admin.client.routes.js [36m304 [0m25.640 ms - -[0m

2017-12-03T18:39:29.686Z - info: [0mGET /modules/users/client/config/users.client.routes.js [36m304 [0m16.894 ms - -[0m

2017-12-03T18:39:29.690Z - info: [0mGET /modules/users/client/controllers/admin/list-users.client.controller.js [36m304 [0m4.559 ms - -[0m

2017-12-03T18:39:29.693Z - info: [0mGET /modules/users/client/controllers/admin/user.client.controller.js [36m304 [0m4.571 ms - -[0m

2017-12-03T18:39:29.696Z - info: [0mGET /modules/users/client/controllers/authentication.client.controller.js [36m304 [0m7.244 ms - -[0m

2017-12-03T18:39:29.700Z - info: [0mGET /modules/users/client/controllers/password.client.controller.js [36m304 [0m9.612 ms - -[0m

2017-12-03T18:39:29.709Z - info: [0mGET /modules/users/client/controllers/settings/change-password.client.controller.js [36m304 [0m1.181 ms - -[0m

2017-12-03T18:39:29.718Z - info: [0mGET /modules/users/client/controllers/settings/change-profile-picture.client.controller.js [36m304 [0m6.164 ms - -[0m

2017-12-03T18:39:29.721Z - info: [0mGET /modules/users/client/controllers/settings/edit-profile.client.controller.js [36m304 [0m7.919 ms - -[0m

2017-12-03T18:39:29.723Z - info: [0mGET /modules/users/client/controllers/settings/manage-social-accounts.client.controller.js [36m304 [0m9.833 ms - -[0m

2017-12-03T18:39:29.727Z - info: [0mGET /modules/users/client/controllers/settings/settings.client.controller.js [36m304 [0m10.683 ms - -[0m

2017-12-03T18:39:29.732Z - info: [0mGET /modules/users/client/directives/password-validator.client.directive.js [36m304 [0m14.970 ms - -[0m

2017-12-03T18:39:29.734Z - info: [0mGET /modules/users/client/directives/password-verify.client.directive.js [36m304 [0m16.904 ms - -[0m

2017-12-03T18:39:29.741Z - info: [0mGET /modules/users/client/directives/users.client.directive.js [36m304 [0m4.666 ms - -[0m

2017-12-03T18:39:29.744Z - info: [0mGET /modules/users/client/services/authentication.client.service.js [36m304 [0m6.529 ms - -[0m

2017-12-03T18:39:29.747Z - info: [0mGET /modules/users/client/services/password-validator.client.service.js [36m304 [0m8.442 ms - -[0m

2017-12-03T18:39:29.758Z - info: [0mGET /modules/users/client/services/users.client.service.js [36m304 [0m10.315 ms - -[0m

2017-12-03T18:39:30.060Z - info: [0mGET /modules/core/client/views/header.client.view.html [36m304 [0m1.280 ms - -[0m

2017-12-03T18:39:30.065Z - info: [0mGET /modules/core/client/views/home.client.view.html [32m200 [0m1.146 ms - -[0m

2017-12-03T18:40:09.860Z - info: [0mGET / [36m304 [0m30.571 ms - -[0m

2017-12-03T18:40:10.039Z - info: [0mGET /modules/chat/client/css/chat.css [36m304 [0m1.709 ms - -[0m

2017-12-03T18:40:10.041Z - info: [0mGET /modules/core/client/css/core.css [36m304 [0m66.134 ms - -[0m

2017-12-03T18:40:10.149Z - info: [0mGET /modules/users/client/css/users.css [36m304 [0m1.208 ms - -[0m

2017-12-03T18:40:10.155Z - info: [0mGET /modules/core/client/app/config.js [36m304 [0m2.087 ms - -[0m

2017-12-03T18:40:10.219Z - info: [0mGET /modules/core/client/app/init.js [36m304 [0m5.620 ms - -[0m

2017-12-03T18:40:10.221Z - info: [0mGET /modules/articles/client/articles.client.module.js [36m304 [0m23.316 ms - -[0m

2017-12-03T18:40:10.223Z - info: [0mGET /modules/chat/client/chat.client.module.js [36m304 [0m2.403 ms - -[0m

2017-12-03T18:40:10.232Z - info: [0mGET /modules/core/client/core.client.module.js [36m304 [0m1.489 ms - -[0m

2017-12-03T18:40:10.237Z - info: [0mGET /modules/users/client/users.client.module.js [36m304 [0m2.784 ms - -[0m

2017-12-03T18:40:10.255Z - info: [0mGET /modules/articles/client/config/articles-admin.client.config.js [36m304 [0m1.542 ms - -[0m

2017-12-03T18:40:10.258Z - info: [0mGET /modules/articles/client/config/articles-admin.client.routes.js [36m304 [0m2.859 ms - -[0m

2017-12-03T18:40:10.263Z - info: [0mGET /modules/articles/client/config/articles.client.menus.js [36m304 [0m0.867 ms - -[0m

2017-12-03T18:40:10.272Z - info: [0mGET /modules/articles/client/config/articles.client.routes.js [36m304 [0m3.525 ms - -[0m

2017-12-03T18:40:10.274Z - info: [0mGET /modules/articles/client/controllers/admin/article.client.controller.js [36m304 [0m4.075 ms - -[0m

2017-12-03T18:40:10.280Z - info: [0mGET /modules/articles/client/controllers/admin/list-articles.client.controller.js [36m304 [0m3.952 ms - -[0m

2017-12-03T18:40:10.284Z - info: [0mGET /modules/articles/client/controllers/articles.client.controller.js [36m304 [0m4.907 ms - -[0m

2017-12-03T18:40:10.288Z - info: [0mGET /modules/articles/client/controllers/list-articles.client.controller.js [36m304 [0m7.192 ms - -[0m

2017-12-03T18:40:10.289Z - info: [0mGET /modules/articles/client/services/articles.client.service.js [36m304 [0m9.897 ms - -[0m

2017-12-03T18:40:10.293Z - info: [0mGET /modules/chat/client/config/chat.client.menus.js [36m304 [0m1.871 ms - -[0m

2017-12-03T18:40:10.295Z - info: [0mGET /modules/chat/client/config/chat.client.routes.js [36m304 [0m3.123 ms - -[0m

2017-12-03T18:40:10.297Z - info: [0mGET /modules/chat/client/controllers/chat.client.controller.js [36m304 [0m1.821 ms - -[0m

2017-12-03T18:40:10.303Z - info: [0mGET /modules/core/client/config/core-admin.client.menus.js [36m304 [0m2.386 ms - -[0m

2017-12-03T18:40:10.307Z - info: [0mGET /modules/core/client/config/core-admin.client.routes.js [36m304 [0m1.420 ms - -[0m

2017-12-03T18:40:10.310Z - info: [0mGET /modules/core/client/config/core.client.menus.js [36m304 [0m3.813 ms - -[0m

2017-12-03T18:40:10.324Z - info: [0mGET /modules/core/client/config/core.client.route-filter.js [36m304 [0m0.760 ms - -[0m

2017-12-03T18:40:10.330Z - info: [0mGET /modules/core/client/config/core.client.routes.js [36m304 [0m2.075 ms - -[0m

2017-12-03T18:40:10.333Z - info: [0mGET /modules/core/client/controllers/error.client.controller.js [36m304 [0m3.448 ms - -[0m

2017-12-03T18:40:10.338Z - info: [0mGET /modules/core/client/controllers/header.client.controller.js [36m304 [0m6.161 ms - -[0m

2017-12-03T18:40:10.341Z - info: [0mGET /modules/core/client/controllers/home.client.controller.js [36m304 [0m3.600 ms - -[0m

2017-12-03T18:40:10.343Z - info: [0mGET /modules/core/client/directives/auto-focus.client.directive.js [36m304 [0m4.525 ms - -[0m

2017-12-03T18:40:10.344Z - info: [0mGET /modules/core/client/directives/page-title.client.directive.js [36m304 [0m4.150 ms - -[0m

2017-12-03T18:40:10.356Z - info: [0mGET /modules/core/client/directives/show-errors.client.directive.js [36m304 [0m6.667 ms - -[0m

2017-12-03T18:40:10.360Z - info: [0mGET /modules/core/client/services/interceptors/auth-interceptor.client.service.js [36m304 [0m8.700 ms - -[0m

2017-12-03T18:40:10.361Z - info: [0mGET /modules/core/client/services/menu.client.service.js [36m304 [0m7.861 ms - -[0m

2017-12-03T18:40:10.370Z - info: [0mGET /modules/core/client/services/socket.io.client.service.js [36m304 [0m15.209 ms - -[0m

2017-12-03T18:40:10.372Z - info: [0mGET /modules/users/client/config/users-admin.client.menus.js [36m304 [0m13.561 ms - -[0m

2017-12-03T18:40:10.374Z - info: [0mGET /modules/users/client/config/users-admin.client.routes.js [36m304 [0m10.525 ms - -[0m

2017-12-03T18:40:10.375Z - info: [0mGET /modules/users/client/config/users.client.routes.js [36m304 [0m11.137 ms - -[0m

2017-12-03T18:40:10.379Z - info: [0mGET /modules/users/client/controllers/admin/list-users.client.controller.js [36m304 [0m12.021 ms - -[0m

2017-12-03T18:40:10.394Z - info: [0mGET /modules/users/client/controllers/admin/user.client.controller.js [36m304 [0m2.005 ms - -[0m

2017-12-03T18:40:10.407Z - info: [0mGET /modules/users/client/controllers/authentication.client.controller.js [36m304 [0m5.176 ms - -[0m

2017-12-03T18:40:10.409Z - info: [0mGET /modules/users/client/controllers/password.client.controller.js [36m304 [0m3.638 ms - -[0m

2017-12-03T18:40:10.415Z - info: [0mGET /modules/users/client/controllers/settings/change-password.client.controller.js [36m304 [0m0.917 ms - -[0m

2017-12-03T18:40:10.424Z - info: [0mGET /modules/users/client/controllers/settings/change-profile-picture.client.controller.js [36m304 [0m1.063 ms - -[0m

2017-12-03T18:40:10.427Z - info: [0mGET /modules/users/client/controllers/settings/manage-social-accounts.client.controller.js [36m304 [0m0.979 ms - -[0m

2017-12-03T18:40:10.429Z - info: [0mGET /modules/users/client/controllers/settings/edit-profile.client.controller.js [36m304 [0m3.409 ms - -[0m

2017-12-03T18:40:10.439Z - info: [0mGET /modules/users/client/controllers/settings/settings.client.controller.js [36m304 [0m1.726 ms - -[0m

2017-12-03T18:40:10.447Z - info: [0mGET /modules/users/client/directives/password-validator.client.directive.js [36m304 [0m1.888 ms - -[0m

2017-12-03T18:40:10.455Z - info: [0mGET /modules/users/client/directives/password-verify.client.directive.js [36m304 [0m4.329 ms - -[0m

2017-12-03T18:40:10.459Z - info: [0mGET /modules/users/client/directives/users.client.directive.js [36m304 [0m8.340 ms - -[0m

2017-12-03T18:40:10.462Z - info: [0mGET /modules/users/client/services/authentication.client.service.js [36m304 [0m4.330 ms - -[0m

2017-12-03T18:40:10.464Z - info: [0mGET /modules/users/client/services/password-validator.client.service.js [36m304 [0m2.533 ms - -[0m

2017-12-03T18:40:10.509Z - info: [0mGET /modules/users/client/services/users.client.service.js [36m304 [0m5.788 ms - -[0m

2017-12-03T18:40:10.876Z - info: [0mGET /modules/core/client/views/header.client.view.html [36m304 [0m2.435 ms - -[0m

2017-12-03T18:40:10.886Z - info: [0mGET /modules/core/client/views/home.client.view.html [32m200 [0m7.377 ms - -[0m

2017-12-03T18:40:13.794Z - info: [0mGET / [36m304 [0m19.266 ms - -[0m

2017-12-03T18:40:14.062Z - info: [0mGET /modules/chat/client/css/chat.css [36m304 [0m5.462 ms - -[0m

2017-12-03T18:40:14.065Z - info: [0mGET /modules/core/client/css/core.css [36m304 [0m118.732 ms - -[0m

2017-12-03T18:40:14.069Z - info: [0mGET /modules/users/client/css/users.css [36m304 [0m121.927 ms - -[0m

2017-12-03T18:40:14.072Z - info: [0mGET /modules/core/client/app/config.js [36m304 [0m123.710 ms - -[0m

2017-12-03T18:40:14.073Z - info: [0mGET /modules/core/client/app/init.js [36m304 [0m126.596 ms - -[0m

2017-12-03T18:40:14.212Z - info: [0mGET /modules/articles/client/articles.client.module.js [36m304 [0m0.863 ms - -[0m

2017-12-03T18:40:14.261Z - info: [0mGET /modules/chat/client/chat.client.module.js [36m304 [0m0.906 ms - -[0m

2017-12-03T18:40:14.264Z - info: [0mGET /modules/core/client/core.client.module.js [36m304 [0m1.059 ms - -[0m

2017-12-03T18:40:14.282Z - info: [0mGET /modules/users/client/users.client.module.js [36m304 [0m0.967 ms - -[0m

2017-12-03T18:40:14.286Z - info: [0mGET /modules/articles/client/config/articles-admin.client.config.js [36m304 [0m1.022 ms - -[0m

2017-12-03T18:40:14.291Z - info: [0mGET /modules/articles/client/config/articles-admin.client.routes.js [36m304 [0m2.795 ms - -[0m

2017-12-03T18:40:14.318Z - info: [0mGET /modules/articles/client/config/articles.client.menus.js [36m304 [0m1.238 ms - -[0m

2017-12-03T18:40:14.339Z - info: [0mGET /modules/articles/client/config/articles.client.routes.js [36m304 [0m0.808 ms - -[0m

2017-12-03T18:40:14.345Z - info: [0mGET /modules/articles/client/controllers/admin/article.client.controller.js [36m304 [0m0.826 ms - -[0m

2017-12-03T18:40:14.353Z - info: [0mGET /modules/articles/client/controllers/admin/list-articles.client.controller.js [36m304 [0m1.302 ms - -[0m

2017-12-03T18:40:14.359Z - info: [0mGET /modules/articles/client/controllers/articles.client.controller.js [36m304 [0m0.910 ms - -[0m

2017-12-03T18:40:14.366Z - info: [0mGET /modules/articles/client/controllers/list-articles.client.controller.js [36m304 [0m1.901 ms - -[0m

2017-12-03T18:40:14.373Z - info: [0mGET /modules/articles/client/services/articles.client.service.js [36m304 [0m1.600 ms - -[0m

2017-12-03T18:40:14.384Z - info: [0mGET /modules/chat/client/config/chat.client.menus.js [36m304 [0m0.794 ms - -[0m

2017-12-03T18:40:14.389Z - info: [0mGET /modules/chat/client/config/chat.client.routes.js [36m304 [0m2.341 ms - -[0m

2017-12-03T18:40:14.402Z - info: [0mGET /modules/chat/client/controllers/chat.client.controller.js [36m304 [0m4.832 ms - -[0m

2017-12-03T18:40:14.405Z - info: [0mGET /modules/core/client/config/core-admin.client.menus.js [36m304 [0m1.384 ms - -[0m

2017-12-03T18:40:14.409Z - info: [0mGET /modules/core/client/config/core-admin.client.routes.js [36m304 [0m0.771 ms - -[0m

2017-12-03T18:40:14.412Z - info: [0mGET /modules/core/client/config/core.client.menus.js [36m304 [0m1.001 ms - -[0m

2017-12-03T18:40:14.419Z - info: [0mGET /modules/core/client/config/core.client.route-filter.js [36m304 [0m0.794 ms - -[0m

2017-12-03T18:40:14.425Z - info: [0mGET /modules/core/client/config/core.client.routes.js [36m304 [0m1.882 ms - -[0m

2017-12-03T18:40:14.429Z - info: [0mGET /modules/core/client/controllers/error.client.controller.js [36m304 [0m3.878 ms - -[0m

2017-12-03T18:40:14.432Z - info: [0mGET /modules/core/client/controllers/header.client.controller.js [36m304 [0m3.731 ms - -[0m

2017-12-03T18:40:14.436Z - info: [0mGET /modules/core/client/controllers/home.client.controller.js [36m304 [0m6.679 ms - -[0m

2017-12-03T18:40:14.438Z - info: [0mGET /modules/core/client/directives/auto-focus.client.directive.js [36m304 [0m3.958 ms - -[0m

2017-12-03T18:40:14.440Z - info: [0mGET /modules/core/client/directives/page-title.client.directive.js [36m304 [0m4.504 ms - -[0m

2017-12-03T18:40:14.443Z - info: [0mGET /modules/core/client/directives/show-errors.client.directive.js [36m304 [0m1.572 ms - -[0m

2017-12-03T18:40:14.446Z - info: [0mGET /modules/core/client/services/interceptors/auth-interceptor.client.service.js [36m304 [0m2.737 ms - -[0m

2017-12-03T18:40:14.449Z - info: [0mGET /modules/core/client/services/menu.client.service.js [36m304 [0m0.809 ms - -[0m

2017-12-03T18:40:14.453Z - info: [0mGET /modules/core/client/services/socket.io.client.service.js [36m304 [0m0.965 ms - -[0m

2017-12-03T18:40:14.458Z - info: [0mGET /modules/users/client/config/users-admin.client.menus.js [36m304 [0m1.903 ms - -[0m

2017-12-03T18:40:14.462Z - info: [0mGET /modules/users/client/config/users-admin.client.routes.js [36m304 [0m4.820 ms - -[0m

2017-12-03T18:40:14.466Z - info: [0mGET /modules/users/client/controllers/admin/list-users.client.controller.js [36m304 [0m5.855 ms - -[0m

2017-12-03T18:40:14.468Z - info: [0mGET /modules/users/client/config/users.client.routes.js [36m304 [0m8.072 ms - -[0m

2017-12-03T18:40:14.470Z - info: [0mGET /modules/users/client/controllers/admin/user.client.controller.js [36m304 [0m4.821 ms - -[0m

2017-12-03T18:40:14.474Z - info: [0mGET /modules/users/client/controllers/authentication.client.controller.js [36m304 [0m1.360 ms - -[0m

2017-12-03T18:40:14.479Z - info: [0mGET /modules/users/client/controllers/password.client.controller.js [36m304 [0m1.999 ms - -[0m

2017-12-03T18:40:14.485Z - info: [0mGET /modules/users/client/controllers/settings/change-password.client.controller.js [36m304 [0m1.455 ms - -[0m

2017-12-03T18:40:14.491Z - info: [0mGET /modules/users/client/controllers/settings/change-profile-picture.client.controller.js [36m304 [0m2.186 ms - -[0m

2017-12-03T18:40:14.494Z - info: [0mGET /modules/users/client/controllers/settings/edit-profile.client.controller.js [36m304 [0m1.766 ms - -[0m

2017-12-03T18:40:14.496Z - info: [0mGET /modules/users/client/controllers/settings/manage-social-accounts.client.controller.js [36m304 [0m3.079 ms - -[0m

2017-12-03T18:40:14.500Z - info: [0mGET /modules/users/client/controllers/settings/settings.client.controller.js [36m304 [0m1.036 ms - -[0m

2017-12-03T18:40:14.502Z - info: [0mGET /modules/users/client/directives/password-validator.client.directive.js [36m304 [0m0.750 ms - -[0m

2017-12-03T18:40:14.504Z - info: [0mGET /modules/users/client/directives/password-verify.client.directive.js [36m304 [0m0.771 ms - -[0m

2017-12-03T18:40:14.508Z - info: [0mGET /modules/users/client/directives/users.client.directive.js [36m304 [0m0.906 ms - -[0m

2017-12-03T18:40:14.512Z - info: [0mGET /modules/users/client/services/authentication.client.service.js [36m304 [0m0.833 ms - -[0m

2017-12-03T18:40:14.516Z - info: [0mGET /modules/users/client/services/password-validator.client.service.js [36m304 [0m0.952 ms - -[0m

2017-12-03T18:40:14.519Z - info: [0mGET /modules/users/client/services/users.client.service.js [36m304 [0m1.044 ms - -[0m

2017-12-03T18:40:14.593Z - info: [0mGET /modules/core/client/views/header.client.view.html [36m304 [0m1.063 ms - -[0m

2017-12-03T18:40:14.604Z - info: [0mGET /modules/core/client/views/home.client.view.html [32m200 [0m5.238 ms - -[0m

2017-12-03T18:40:24.209Z - info: [0mGET /modules/chat/client/css/chat.css [36m304 [0m0.648 ms - -[0m

2017-12-03T18:40:24.213Z - info: [0mGET /modules/core/client/css/core.css [36m304 [0m0.629 ms - -[0m

2017-12-03T18:40:24.218Z - info: [0mGET /modules/users/client/css/users.css [36m304 [0m0.709 ms - -[0m

